<?xml version="1.0" encoding="UTF-8"?>
<coverage generated="1783473715160" clover="3.2.0">
  <project timestamp="1783473715160" name="All files">
    <metrics statements="29" coveredstatements="29" conditionals="4" coveredconditionals="4" methods="12" coveredmethods="12" elements="45" coveredelements="45" complexity="0" loc="29" ncloc="29" packages="1" files="2" classes="2"/>
    <file name="useToneTimeout.ts" path="/Users/tree/Desktop/react-tone-hooks/src/hooks/useToneTimeout.ts">
      <metrics statements="16" coveredstatements="16" conditionals="0" coveredconditionals="0" methods="7" coveredmethods="7"/>
      <line num="36" count="5" type="stmt"/>
      <line num="46" count="5" type="stmt"/>
      <line num="47" count="6" type="stmt"/>
      <line num="48" count="2" type="stmt"/>
      <line num="49" count="2" type="stmt"/>
      <line num="51" count="6" type="stmt"/>
      <line num="52" count="6" type="stmt"/>
      <line num="60" count="5" type="stmt"/>
      <line num="61" count="2" type="stmt"/>
      <line num="62" count="2" type="stmt"/>
      <line num="65" count="5" type="stmt"/>
      <line num="66" count="5" type="stmt"/>
      <line num="68" count="2" type="stmt"/>
      <line num="69" count="3" type="stmt"/>
      <line num="71" count="2" type="stmt"/>
      <line num="75" count="5" type="stmt"/>
    </file>
    <file name="useToneTracker.ts" path="/Users/tree/Desktop/react-tone-hooks/src/hooks/useToneTracker.ts">
      <metrics statements="13" coveredstatements="13" conditionals="4" coveredconditionals="4" methods="5" coveredmethods="5"/>
      <line num="46" count="4" type="stmt"/>
      <line num="55" count="4" type="stmt"/>
      <line num="56" count="8" type="stmt"/>
      <line num="57" count="8" type="stmt"/>
      <line num="60" count="4" type="stmt"/>
      <line num="61" count="4" type="stmt"/>
      <line num="63" count="4" type="stmt"/>
      <line num="64" count="8" type="cond" truecount="4" falsecount="0"/>
      <line num="65" count="5" type="stmt"/>
      <line num="66" count="5" type="stmt"/>
      <line num="68" count="1" type="stmt"/>
      <line num="73" count="4" type="stmt"/>
      <line num="77" count="4" type="stmt"/>
    </file>
  </project>
</coverage>
