{"/Users/tree/Desktop/react-tone-hooks/src/hooks/useToneTimeout.ts": {"path":"/Users/tree/Desktop/react-tone-hooks/src/hooks/useToneTimeout.ts","statementMap":{"0":{"start":{"line":36,"column":8},"end":{"line":36,"column":null}},"1":{"start":{"line":46,"column":8},"end":{"line":53,"column":null}},"2":{"start":{"line":47,"column":15},"end":{"line":50,"column":null}},"3":{"start":{"line":48,"column":6},"end":{"line":48,"column":null}},"4":{"start":{"line":49,"column":6},"end":{"line":49,"column":null}},"5":{"start":{"line":51,"column":4},"end":{"line":51,"column":null}},"6":{"start":{"line":52,"column":4},"end":{"line":52,"column":null}},"7":{"start":{"line":60,"column":8},"end":{"line":63,"column":null}},"8":{"start":{"line":61,"column":4},"end":{"line":61,"column":null}},"9":{"start":{"line":62,"column":4},"end":{"line":62,"column":null}},"10":{"start":{"line":65,"column":2},"end":{"line":73,"column":null}},"11":{"start":{"line":66,"column":4},"end":{"line":72,"column":null}},"12":{"start":{"line":68,"column":6},"end":{"line":70,"column":null}},"13":{"start":{"line":69,"column":8},"end":{"line":69,"column":null}},"14":{"start":{"line":71,"column":6},"end":{"line":71,"column":null}},"15":{"start":{"line":75,"column":2},"end":{"line":75,"column":null}}},"fnMap":{"0":{"name":"useToneTimeout","decl":{"start":{"line":35,"column":16},"end":{"line":35,"column":33}},"loc":{"start":{"line":35,"column":33},"end":{"line":76,"column":null}},"line":35},"1":{"name":"(anonymous_1)","decl":{"start":{"line":46,"column":25},"end":{"line":46,"column":38}},"loc":{"start":{"line":46,"column":76},"end":{"line":53,"column":5}},"line":46},"2":{"name":"(anonymous_2)","decl":{"start":{"line":47,"column":15},"end":{"line":47,"column":32}},"loc":{"start":{"line":47,"column":32},"end":{"line":50,"column":7}},"line":47},"3":{"name":"(anonymous_3)","decl":{"start":{"line":60,"column":27},"end":{"line":60,"column":40}},"loc":{"start":{"line":60,"column":63},"end":{"line":63,"column":5}},"line":60},"4":{"name":"(anonymous_4)","decl":{"start":{"line":65,"column":2},"end":{"line":65,"column":18}},"loc":{"start":{"line":65,"column":18},"end":{"line":73,"column":5}},"line":65},"5":{"name":"(anonymous_5)","decl":{"start":{"line":66,"column":4},"end":{"line":66,"column":17}},"loc":{"start":{"line":66,"column":17},"end":{"line":72,"column":null}},"line":66},"6":{"name":"(anonymous_6)","decl":{"start":{"line":68,"column":25},"end":{"line":68,"column":34}},"loc":{"start":{"line":68,"column":41},"end":{"line":70,"column":7}},"line":68}},"branchMap":{},"s":{"0":5,"1":5,"2":6,"3":2,"4":2,"5":6,"6":6,"7":5,"8":2,"9":2,"10":5,"11":5,"12":2,"13":3,"14":2,"15":5},"f":{"0":5,"1":6,"2":2,"3":2,"4":5,"5":2,"6":3},"b":{},"meta":{"lastBranch":0,"lastFunction":7,"lastStatement":16,"seen":{"f:35:16:35:33":0,"s:36:8:36:Infinity":0,"s:46:8:53:Infinity":1,"f:46:25:46:38":1,"s:47:15:50:Infinity":2,"f:47:15:47:32":2,"s:48:6:48:Infinity":3,"s:49:6:49:Infinity":4,"s:51:4:51:Infinity":5,"s:52:4:52:Infinity":6,"s:60:8:63:Infinity":7,"f:60:27:60:40":3,"s:61:4:61:Infinity":8,"s:62:4:62:Infinity":9,"s:65:2:73:Infinity":10,"f:65:2:65:18":4,"s:66:4:72:Infinity":11,"f:66:4:66:17":5,"s:68:6:70:Infinity":12,"f:68:25:68:34":6,"s:69:8:69:Infinity":13,"s:71:6:71:Infinity":14,"s:75:2:75:Infinity":15},"fnNames":{}}}
,"/Users/tree/Desktop/react-tone-hooks/src/hooks/useToneTracker.ts": {"path":"/Users/tree/Desktop/react-tone-hooks/src/hooks/useToneTracker.ts","statementMap":{"0":{"start":{"line":46,"column":8},"end":{"line":46,"column":null}},"1":{"start":{"line":55,"column":8},"end":{"line":58,"column":null}},"2":{"start":{"line":56,"column":4},"end":{"line":56,"column":null}},"3":{"start":{"line":57,"column":4},"end":{"line":57,"column":null}},"4":{"start":{"line":60,"column":2},"end":{"line":75,"column":null}},"5":{"start":{"line":61,"column":4},"end":{"line":74,"column":null}},"6":{"start":{"line":63,"column":6},"end":{"line":71,"column":null}},"7":{"start":{"line":64,"column":8},"end":{"line":70,"column":null}},"8":{"start":{"line":65,"column":10},"end":{"line":69,"column":null}},"9":{"start":{"line":66,"column":12},"end":{"line":66,"column":null}},"10":{"start":{"line":68,"column":12},"end":{"line":68,"column":null}},"11":{"start":{"line":73,"column":6},"end":{"line":73,"column":null}},"12":{"start":{"line":77,"column":2},"end":{"line":77,"column":null}}},"fnMap":{"0":{"name":"useToneTracker","decl":{"start":{"line":45,"column":16},"end":{"line":45,"column":33}},"loc":{"start":{"line":45,"column":33},"end":{"line":78,"column":null}},"line":45},"1":{"name":"(anonymous_1)","decl":{"start":{"line":55,"column":20},"end":{"line":55,"column":55}},"loc":{"start":{"line":55,"column":70},"end":{"line":58,"column":5}},"line":55},"2":{"name":"(anonymous_2)","decl":{"start":{"line":60,"column":2},"end":{"line":60,"column":18}},"loc":{"start":{"line":60,"column":18},"end":{"line":75,"column":5}},"line":60},"3":{"name":"(anonymous_3)","decl":{"start":{"line":61,"column":4},"end":{"line":61,"column":17}},"loc":{"start":{"line":61,"column":17},"end":{"line":74,"column":null}},"line":61},"4":{"name":"(anonymous_4)","decl":{"start":{"line":63,"column":27},"end":{"line":63,"column":36}},"loc":{"start":{"line":63,"column":45},"end":{"line":71,"column":7}},"line":63}},"branchMap":{"0":{"loc":{"start":{"line":64,"column":8},"end":{"line":70,"column":null}},"type":"if","locations":[{"start":{"line":64,"column":8},"end":{"line":70,"column":null}},{"start":{},"end":{}}],"line":64},"1":{"loc":{"start":{"line":64,"column":12},"end":{"line":64,"column":56}},"type":"binary-expr","locations":[{"start":{"line":64,"column":12},"end":{"line":64,"column":20}},{"start":{"line":64,"column":20},"end":{"line":64,"column":56}}],"line":64}},"s":{"0":4,"1":4,"2":8,"3":8,"4":4,"5":4,"6":4,"7":8,"8":5,"9":5,"10":1,"11":4,"12":4},"f":{"0":4,"1":8,"2":4,"3":4,"4":8},"b":{"0":[5,3],"1":[8,6]},"meta":{"lastBranch":2,"lastFunction":5,"lastStatement":13,"seen":{"f:45:16:45:33":0,"s:46:8:46:Infinity":0,"s:55:8:58:Infinity":1,"f:55:20:55:55":1,"s:56:4:56:Infinity":2,"s:57:4:57:Infinity":3,"s:60:2:75:Infinity":4,"f:60:2:60:18":2,"s:61:4:74:Infinity":5,"f:61:4:61:17":3,"s:63:6:71:Infinity":6,"f:63:27:63:36":4,"b:64:8:70:Infinity:undefined:undefined:undefined:undefined":0,"s:64:8:70:Infinity":7,"b:64:12:64:20:64:20:64:56":1,"s:65:10:69:Infinity":8,"s:66:12:66:Infinity":9,"s:68:12:68:Infinity":10,"s:73:6:73:Infinity":11,"s:77:2:77:Infinity":12},"fnNames":{}}}
}
